2025-06-13 19:44:42: INFO: ***********Test_001_create*********
2025-06-13 19:44:42: INFO: ******verifying homepage title***********
2025-06-13 19:44:49: INFO: ******homepage title test is passed*********
2025-06-13 19:44:58: INFO: ******verifying createaccount ***********
2025-06-13 19:45:13: INFO: ******verifying login***********
2025-06-13 20:29:59: INFO: ***********Test_001_create*********
2025-06-13 20:29:59: INFO: ******verifying homepage title***********
2025-06-13 20:30:07: INFO: ******homepage title test is passed*********
2025-06-13 20:30:17: INFO: ******verifying createaccount ***********
2025-06-13 20:30:34: INFO: ******verifying login***********
2025-06-15 22:20:00: INFO: ***********Test_001_create*********
2025-06-15 22:20:00: INFO: ******verifying homepage title***********
2025-06-15 22:25:08: INFO: ******verifying createaccount ***********
2025-06-15 22:26:15: INFO: ******verifying login***********
2025-06-15 22:40:32: INFO: ***********Test_001_create*********
2025-06-15 22:40:32: INFO: ******verifying homepage title***********
2025-06-15 22:40:36: INFO: ******homepage title test is passed*********
2025-06-15 22:40:42: INFO: ******verifying createaccount ***********
2025-06-15 22:40:59: INFO: ******verifying login***********
2025-06-17 10:33:11: INFO: ***********Test_001_create*********
2025-06-17 10:33:11: INFO: ******verifying homepage title***********
2025-06-17 10:33:19: INFO: ******homepage title test is passed*********
2025-06-17 10:33:27: INFO: ******verifying createaccount ***********
2025-06-17 10:34:07: INFO: ******verifying login***********
